{"/Users/bryanhernandezlopez/Github/React_Fernando_Herrera_2025/02-first-steps/src/FirstStepsApp.tsx": {"path":"/Users/bryanhernandezlopez/Github/React_Fernando_Herrera_2025/02-first-steps/src/FirstStepsApp.tsx","statementMap":{"0":{"start":{"line":8,"column":34},"end":{"line":13,"column":null}},"1":{"start":{"line":15,"column":29},"end":{"line":30,"column":null}},"2":{"start":{"line":16,"column":2},"end":{"line":26,"column":39}},"3":{"start":{"line":25,"column":49},"end":{"line":26,"column":39}}},"fnMap":{"0":{"name":"(anonymous_0)","decl":{"start":{"line":15,"column":29},"end":{"line":15,"column":null}},"loc":{"start":{"line":15,"column":29},"end":{"line":30,"column":null}},"line":15},"1":{"name":"(anonymous_1)","decl":{"start":{"line":25,"column":23},"end":{"line":25,"column":24}},"loc":{"start":{"line":25,"column":49},"end":{"line":26,"column":39}},"line":25}},"branchMap":{},"s":{"0":1,"1":1,"2":3,"3":12},"f":{"0":3,"1":12},"b":{},"meta":{"lastBranch":0,"lastFunction":2,"lastStatement":4,"seen":{"s:8:34:13:Infinity":0,"s:15:29:30:Infinity":1,"f:15:29:15:Infinity":0,"s:16:2:26:39":2,"f:25:23:25:24":1,"s:25:49:26:39":3}}}
,"/Users/bryanhernandezlopez/Github/React_Fernando_Herrera_2025/02-first-steps/src/MyAwesomeApp.tsx": {"path":"/Users/bryanhernandezlopez/Github/React_Fernando_Herrera_2025/02-first-steps/src/MyAwesomeApp.tsx","statementMap":{"0":{"start":{"line":3,"column":18},"end":{"line":3,"column":null}},"1":{"start":{"line":4,"column":17},"end":{"line":4,"column":null}},"2":{"start":{"line":5,"column":21},"end":{"line":5,"column":null}},"3":{"start":{"line":6,"column":17},"end":{"line":6,"column":null}},"4":{"start":{"line":7,"column":16},"end":{"line":7,"column":null}},"5":{"start":{"line":9,"column":32},"end":{"line":14,"column":null}},"6":{"start":{"line":16,"column":28},"end":{"line":26,"column":null}},"7":{"start":{"line":17,"column":2},"end":{"line":23,"column":null}}},"fnMap":{"0":{"name":"(anonymous_0)","decl":{"start":{"line":16,"column":28},"end":{"line":16,"column":null}},"loc":{"start":{"line":16,"column":28},"end":{"line":26,"column":null}},"line":16}},"branchMap":{"0":{"loc":{"start":{"line":22,"column":10},"end":{"line":22,"column":null}},"type":"cond-expr","locations":[{"start":{"line":22,"column":21},"end":{"line":22,"column":32}},{"start":{"line":22,"column":32},"end":{"line":22,"column":null}}],"line":22}},"s":{"0":1,"1":1,"2":1,"3":1,"4":1,"5":1,"6":1,"7":3},"f":{"0":3},"b":{"0":[3,0]},"meta":{"lastBranch":1,"lastFunction":1,"lastStatement":8,"seen":{"s:3:18:3:Infinity":0,"s:4:17:4:Infinity":1,"s:5:21:5:Infinity":2,"s:6:17:6:Infinity":3,"s:7:16:7:Infinity":4,"s:9:32:14:Infinity":5,"s:16:28:26:Infinity":6,"f:16:28:16:Infinity":0,"s:17:2:23:Infinity":7,"b:22:21:22:32:22:32:22:Infinity":0}}}
,"/Users/bryanhernandezlopez/Github/React_Fernando_Herrera_2025/02-first-steps/src/helpers/math.helpers.ts": {"path":"/Users/bryanhernandezlopez/Github/React_Fernando_Herrera_2025/02-first-steps/src/helpers/math.helpers.ts","statementMap":{"0":{"start":{"line":1,"column":19},"end":{"line":1,"column":null}},"1":{"start":{"line":1,"column":45},"end":{"line":1,"column":null}},"2":{"start":{"line":3,"column":24},"end":{"line":3,"column":null}},"3":{"start":{"line":3,"column":50},"end":{"line":3,"column":null}},"4":{"start":{"line":5,"column":24},"end":{"line":5,"column":null}},"5":{"start":{"line":5,"column":50},"end":{"line":5,"column":null}},"6":{"start":{"line":7,"column":22},"end":{"line":7,"column":null}},"7":{"start":{"line":7,"column":48},"end":{"line":7,"column":null}}},"fnMap":{"0":{"name":"(anonymous_0)","decl":{"start":{"line":1,"column":19},"end":{"line":1,"column":20}},"loc":{"start":{"line":1,"column":45},"end":{"line":1,"column":null}},"line":1},"1":{"name":"(anonymous_1)","decl":{"start":{"line":3,"column":24},"end":{"line":3,"column":25}},"loc":{"start":{"line":3,"column":50},"end":{"line":3,"column":null}},"line":3},"2":{"name":"(anonymous_2)","decl":{"start":{"line":5,"column":24},"end":{"line":5,"column":25}},"loc":{"start":{"line":5,"column":50},"end":{"line":5,"column":null}},"line":5},"3":{"name":"(anonymous_3)","decl":{"start":{"line":7,"column":22},"end":{"line":7,"column":23}},"loc":{"start":{"line":7,"column":48},"end":{"line":7,"column":null}},"line":7}},"branchMap":{},"s":{"0":1,"1":5,"2":1,"3":5,"4":1,"5":5,"6":1,"7":3},"f":{"0":5,"1":5,"2":5,"3":3},"b":{},"meta":{"lastBranch":0,"lastFunction":4,"lastStatement":8,"seen":{"s:1:19:1:Infinity":0,"f:1:19:1:20":0,"s:1:45:1:Infinity":1,"s:3:24:3:Infinity":2,"f:3:24:3:25":1,"s:3:50:3:Infinity":3,"s:5:24:5:Infinity":4,"f:5:24:5:25":2,"s:5:50:5:Infinity":5,"s:7:22:7:Infinity":6,"f:7:22:7:23":3,"s:7:48:7:Infinity":7}}}
,"/Users/bryanhernandezlopez/Github/React_Fernando_Herrera_2025/02-first-steps/src/shopping-cart/ItemCounter.css": {"path":"/Users/bryanhernandezlopez/Github/React_Fernando_Herrera_2025/02-first-steps/src/shopping-cart/ItemCounter.css","statementMap":{},"fnMap":{},"branchMap":{},"s":{},"f":{},"b":{},"meta":{"lastBranch":0,"lastFunction":0,"lastStatement":0,"seen":{}}}
,"/Users/bryanhernandezlopez/Github/React_Fernando_Herrera_2025/02-first-steps/src/shopping-cart/ItemCounter.tsx": {"path":"/Users/bryanhernandezlopez/Github/React_Fernando_Herrera_2025/02-first-steps/src/shopping-cart/ItemCounter.tsx","statementMap":{"0":{"start":{"line":9,"column":27},"end":{"line":33,"column":null}},"1":{"start":{"line":10,"column":25},"end":{"line":10,"column":null}},"2":{"start":{"line":12,"column":20},"end":{"line":14,"column":null}},"3":{"start":{"line":13,"column":4},"end":{"line":13,"column":null}},"4":{"start":{"line":16,"column":25},"end":{"line":18,"column":null}},"5":{"start":{"line":17,"column":4},"end":{"line":17,"column":null}},"6":{"start":{"line":17,"column":19},"end":{"line":17,"column":null}},"7":{"start":{"line":20,"column":2},"end":{"line":30,"column":null}}},"fnMap":{"0":{"name":"(anonymous_0)","decl":{"start":{"line":9,"column":27},"end":{"line":9,"column":28}},"loc":{"start":{"line":9,"column":62},"end":{"line":33,"column":null}},"line":9},"1":{"name":"(anonymous_1)","decl":{"start":{"line":12,"column":20},"end":{"line":12,"column":null}},"loc":{"start":{"line":12,"column":20},"end":{"line":14,"column":null}},"line":12},"2":{"name":"(anonymous_2)","decl":{"start":{"line":16,"column":25},"end":{"line":16,"column":null}},"loc":{"start":{"line":16,"column":25},"end":{"line":18,"column":null}},"line":16}},"branchMap":{"0":{"loc":{"start":{"line":9,"column":30},"end":{"line":9,"column":39}},"type":"default-arg","locations":[{"start":{"line":9,"column":37},"end":{"line":9,"column":39}}],"line":9},"1":{"loc":{"start":{"line":9,"column":41},"end":{"line":9,"column":53}},"type":"default-arg","locations":[{"start":{"line":9,"column":52},"end":{"line":9,"column":53}}],"line":9},"2":{"loc":{"start":{"line":17,"column":4},"end":{"line":17,"column":null}},"type":"if","locations":[{"start":{"line":17,"column":4},"end":{"line":17,"column":null}},{"start":{},"end":{}}],"line":17},"3":{"loc":{"start":{"line":24,"column":24},"end":{"line":24,"column":54}},"type":"cond-expr","locations":[{"start":{"line":24,"column":38},"end":{"line":24,"column":46}},{"start":{"line":24,"column":46},"end":{"line":24,"column":54}}],"line":24}},"s":{"0":1,"1":9,"2":9,"3":1,"4":9,"5":2,"6":1,"7":9},"f":{"0":9,"1":1,"2":2},"b":{"0":[9],"1":[9],"2":[1,1],"3":[4,5]},"meta":{"lastBranch":4,"lastFunction":3,"lastStatement":8,"seen":{"s:9:27:33:Infinity":0,"f:9:27:9:28":0,"b:9:37:9:39":0,"b:9:52:9:53":1,"s:10:25:10:Infinity":1,"s:12:20:14:Infinity":2,"f:12:20:12:Infinity":1,"s:13:4:13:Infinity":3,"s:16:25:18:Infinity":4,"f:16:25:16:Infinity":2,"b:17:4:17:Infinity:undefined:undefined:undefined:undefined":2,"s:17:4:17:Infinity":5,"s:17:19:17:Infinity":6,"s:20:2:30:Infinity":7,"b:24:38:24:46:24:46:24:54":3}}}
}
